# JRE version: OpenJDK Runtime Environment (8.0_202-b03) (build 1.8.0_202-release-1483-b03)
# Java VM: OpenJDK 64-Bit Server VM (25.202-b03 mixed mode windows-amd64 compressed oops)
Heap:
 PSYoungGen      total 259584K, used 54472K [0x00000000e0000000, 0x00000000f7e00000, 0x0000000100000000)
  eden space 158720K, 34% used [0x00000000e0000000,0x00000000e3532118,0x00000000e9b00000)
  from space 100864K, 0% used [0x00000000e9b00000,0x00000000e9b00000,0x00000000efd80000)
  to   space 99328K, 0% used [0x00000000f1d00000,0x00000000f1d00000,0x00000000f7e00000)
 ParOldGen       total 151552K, used 73182K [0x00000000a0000000, 0x00000000a9400000, 0x00000000e0000000)
  object space 151552K, 48% used [0x00000000a0000000,0x00000000a4777a98,0x00000000a9400000)
 Metaspace       used 90107K, capacity 93282K, committed 95104K, reserved 1132544K
  class space    used 11547K, capacity 12195K, committed 12672K, reserved 1048576K
GC Heap History (10 events):
Event: 4312.766 GC heap before
{Heap before GC invocations=25 (full 3):
 PSYoungGen      total 174080K, used 174070K [0x00000000e0000000, 0x00000000f1d80000, 0x0000000100000000)
  eden space 120320K, 100% used [0x00000000e0000000,0x00000000e7580000,0x00000000e7580000)
  from space 53760K, 99% used [0x00000000e7580000,0x00000000ea9fdbe8,0x00000000eaa00000)
  to   space 71680K, 0% used [0x00000000ed780000,0x00000000ed780000,0x00000000f1d80000)
 ParOldGen       total 151552K, used 78785K [0x00000000a0000000, 0x00000000a9400000, 0x00000000e0000000)
  object space 151552K, 51% used [0x00000000a0000000,0x00000000a4cf06c8,0x00000000a9400000)
 Metaspace       used 83105K, capacity 86332K, committed 86656K, reserved 1124352K
  class space    used 10603K, capacity 11295K, committed 11392K, reserved 1048576K
Event: 4313.146 GC heap after
Heap after GC invocations=25 (full 3):
 PSYoungGen      total 200704K, used 71668K [0x00000000e0000000, 0x00000000f4a80000, 0x0000000100000000)
  eden space 129024K, 0% used [0x00000000e0000000,0x00000000e0000000,0x00000000e7e00000)
  from space 71680K, 99% used [0x00000000ed780000,0x00000000f1d7d348,0x00000000f1d80000)
  to   space 91648K, 0% used [0x00000000e7e00000,0x00000000e7e00000,0x00000000ed780000)
 ParOldGen       total 151552K, used 100803K [0x00000000a0000000, 0x00000000a9400000, 0x00000000e0000000)
  object space 151552K, 66% used [0x00000000a0000000,0x00000000a6270e40,0x00000000a9400000)
 Metaspace       used 83105K, capacity 86332K, committed 86656K, reserved 1124352K
  class space    used 10603K, capacity 11295K, committed 11392K, reserved 1048576K
}
Event: 4357.180 GC heap before
{Heap before GC invocations=26 (full 3):
 PSYoungGen      total 200704K, used 200692K [0x00000000e0000000, 0x00000000f4a80000, 0x0000000100000000)
  eden space 129024K, 100% used [0x00000000e0000000,0x00000000e7e00000,0x00000000e7e00000)
  from space 71680K, 99% used [0x00000000ed780000,0x00000000f1d7d348,0x00000000f1d80000)
  to   space 91648K, 0% used [0x00000000e7e00000,0x00000000e7e00000,0x00000000ed780000)
 ParOldGen       total 151552K, used 100803K [0x00000000a0000000, 0x00000000a9400000, 0x00000000e0000000)
  object space 151552K, 66% used [0x00000000a0000000,0x00000000a6270e40,0x00000000a9400000)
 Metaspace       used 84635K, capacity 87958K, committed 88064K, reserved 1126400K
  class space    used 10771K, capacity 11466K, committed 11520K, reserved 1048576K
Event: 4357.498 GC heap after
Heap after GC invocations=26 (full 3):
 PSYoungGen      total 220672K, used 62206K [0x00000000e0000000, 0x00000000f5b00000, 0x0000000100000000)
  eden space 129024K, 0% used [0x00000000e0000000,0x00000000e0000000,0x00000000e7e00000)
  from space 91648K, 67% used [0x00000000e7e00000,0x00000000ebabf948,0x00000000ed780000)
  to   space 95744K, 0% used [0x00000000efd80000,0x00000000efd80000,0x00000000f5b00000)
 ParOldGen       total 151552K, used 110677K [0x00000000a0000000, 0x00000000a9400000, 0x00000000e0000000)
  object space 151552K, 73% used [0x00000000a0000000,0x00000000a6c154e8,0x00000000a9400000)
 Metaspace       used 84635K, capacity 87958K, committed 88064K, reserved 1126400K
  class space    used 10771K, capacity 11466K, committed 11520K, reserved 1048576K
}
Event: 4362.230 GC heap before
{Heap before GC invocations=27 (full 3):
 PSYoungGen      total 220672K, used 191230K [0x00000000e0000000, 0x00000000f5b00000, 0x0000000100000000)
  eden space 129024K, 100% used [0x00000000e0000000,0x00000000e7e00000,0x00000000e7e00000)
  from space 91648K, 67% used [0x00000000e7e00000,0x00000000ebabf948,0x00000000ed780000)
  to   space 95744K, 0% used [0x00000000efd80000,0x00000000efd80000,0x00000000f5b00000)
 ParOldGen       total 151552K, used 110677K [0x00000000a0000000, 0x00000000a9400000, 0x00000000e0000000)
  object space 151552K, 73% used [0x00000000a0000000,0x00000000a6c154e8,0x00000000a9400000)
 Metaspace       used 85099K, capacity 88486K, committed 88704K, reserved 1126400K
  class space    used 10832K, capacity 11522K, committed 11648K, reserved 1048576K
Event: 4362.415 GC heap after
Heap after GC invocations=27 (full 3):
 PSYoungGen      total 254464K, used 66576K [0x00000000e0000000, 0x00000000f6600000, 0x0000000100000000)
  eden space 158720K, 0% used [0x00000000e0000000,0x00000000e0000000,0x00000000e9b00000)
  from space 95744K, 69% used [0x00000000efd80000,0x00000000f3e842c8,0x00000000f5b00000)
  to   space 100864K, 0% used [0x00000000e9b00000,0x00000000e9b00000,0x00000000efd80000)
 ParOldGen       total 151552K, used 114730K [0x00000000a0000000, 0x00000000a9400000, 0x00000000e0000000)
  object space 151552K, 75% used [0x00000000a0000000,0x00000000a700ab90,0x00000000a9400000)
 Metaspace       used 85099K, capacity 88486K, committed 88704K, reserved 1126400K
  class space    used 10832K, capacity 11522K, committed 11648K, reserved 1048576K
}
Event: 4402.965 GC heap before
{Heap before GC invocations=28 (full 3):
 PSYoungGen      total 254464K, used 225296K [0x00000000e0000000, 0x00000000f6600000, 0x0000000100000000)
  eden space 158720K, 100% used [0x00000000e0000000,0x00000000e9b00000,0x00000000e9b00000)
  from space 95744K, 69% used [0x00000000efd80000,0x00000000f3e842c8,0x00000000f5b00000)
  to   space 100864K, 0% used [0x00000000e9b00000,0x00000000e9b00000,0x00000000efd80000)
 ParOldGen       total 151552K, used 114730K [0x00000000a0000000, 0x00000000a9400000, 0x00000000e0000000)
  object space 151552K, 75% used [0x00000000a0000000,0x00000000a700ab90,0x00000000a9400000)
 Metaspace       used 90773K, capacity 94720K, committed 95104K, reserved 1132544K
  class space    used 11731K, capacity 12553K, committed 12672K, reserved 1048576K
Event: 4404.560 GC heap after
Heap after GC invocations=28 (full 3):
 PSYoungGen      total 259584K, used 53128K [0x00000000e0000000, 0x00000000f7e00000, 0x0000000100000000)
  eden space 158720K, 0% used [0x00000000e0000000,0x00000000e0000000,0x00000000e9b00000)
  from space 100864K, 52% used [0x00000000e9b00000,0x00000000ecee2158,0x00000000efd80000)
  to   space 99328K, 0% used [0x00000000f1d00000,0x00000000f1d00000,0x00000000f7e00000)
 ParOldGen       total 151552K, used 136797K [0x00000000a0000000, 0x00000000a9400000, 0x00000000e0000000)
  object space 151552K, 90% used [0x00000000a0000000,0x00000000a8597478,0x00000000a9400000)
 Metaspace       used 90773K, capacity 94720K, committed 95104K, reserved 1132544K
  class space    used 11731K, capacity 12553K, committed 12672K, reserved 1048576K
}
Event: 4404.681 GC heap before
{Heap before GC invocations=29 (full 4):
 PSYoungGen      total 259584K, used 53128K [0x00000000e0000000, 0x00000000f7e00000, 0x0000000100000000)
  eden space 158720K, 0% used [0x00000000e0000000,0x00000000e0000000,0x00000000e9b00000)
  from space 100864K, 52% used [0x00000000e9b00000,0x00000000ecee2158,0x00000000efd80000)
  to   space 99328K, 0% used [0x00000000f1d00000,0x00000000f1d00000,0x00000000f7e00000)
 ParOldGen       total 151552K, used 136797K [0x00000000a0000000, 0x00000000a9400000, 0x00000000e0000000)
  object space 151552K, 90% used [0x00000000a0000000,0x00000000a8597478,0x00000000a9400000)
 Metaspace       used 90773K, capacity 94720K, committed 95104K, reserved 1132544K
  class space    used 11731K, capacity 12553K, committed 12672K, reserved 1048576K
Event: 4430.741 GC heap after
Heap after GC invocations=29 (full 4):
 PSYoungGen      total 259584K, used 0K [0x00000000e0000000, 0x00000000f7e00000, 0x0000000100000000)
  eden space 158720K, 0% used [0x00000000e0000000,0x00000000e0000000,0x00000000e9b00000)
  from space 100864K, 0% used [0x00000000e9b00000,0x00000000e9b00000,0x00000000efd80000)
  to   space 99328K, 0% used [0x00000000f1d00000,0x00000000f1d00000,0x00000000f7e00000)
 ParOldGen       total 151552K, used 73182K [0x00000000a0000000, 0x00000000a9400000, 0x00000000e0000000)
  object space 151552K, 48% used [0x00000000a0000000,0x00000000a4777a98,0x00000000a9400000)
 Metaspace       used 88788K, capacity 91902K, committed 95104K, reserved 1132544K
  class space    used 11425K, capacity 12073K, committed 12672K, reserved 1048576K
}

